<?xml version="1.0" encoding="UTF-8"?>
<testsuite name="com.wongnai.tools.de.model.internal.MetaImplTest" tests="1" skipped="0" failures="0" errors="0" timestamp="2016-08-30T07:25:45" hostname="skrityak-tp" time="0.538">
  <properties/>
  <testcase name="testBasic" classname="com.wongnai.tools.de.model.internal.MetaImplTest" time="0.538"/>
  <system-out><![CDATA[14:25:45.774 [Test worker] DEBUG org.springframework.jdbc.core.JdbcTemplate - Executing SQL statement [CREATE TABLE TABLE_1 ( ID BIGINT PRIMARY KEY, NAME VARCHAR(100), CREATION_TIME TIMESTAMP, V1 REAL );]
14:25:45.788 [Test worker] DEBUG org.springframework.jdbc.datasource.DataSourceUtils - Fetching JDBC Connection from DataSource
14:25:46.110 [Test worker] DEBUG org.springframework.jdbc.datasource.DataSourceUtils - Returning JDBC Connection to DataSource
14:25:46.111 [Test worker] DEBUG org.springframework.jdbc.core.JdbcTemplate - Executing SQL statement [CREATE TABLE TABLE_2 ( ID BIGINT PRIMARY KEY, NAME VARCHAR(100), CREATION_TIME TIMESTAMP, T1_ID BIGINT );]
14:25:46.111 [Test worker] DEBUG org.springframework.jdbc.datasource.DataSourceUtils - Fetching JDBC Connection from DataSource
14:25:46.112 [Test worker] DEBUG org.springframework.jdbc.datasource.DataSourceUtils - Returning JDBC Connection to DataSource
14:25:46.112 [Test worker] DEBUG org.springframework.jdbc.core.JdbcTemplate - Executing SQL statement [ALTER TABLE TABLE_2 ADD FOREIGN KEY (T1_ID) REFERENCES TABLE_1 (ID);]
14:25:46.112 [Test worker] DEBUG org.springframework.jdbc.datasource.DataSourceUtils - Fetching JDBC Connection from DataSource
14:25:46.113 [Test worker] DEBUG org.springframework.jdbc.datasource.DataSourceUtils - Returning JDBC Connection to DataSource
14:25:46.113 [Test worker] DEBUG org.springframework.jdbc.core.JdbcTemplate - Executing SQL statement [CREATE TABLE TABLE_3 ( ID BIGINT PRIMARY KEY, NAME VARCHAR(100), CREATION_TIME TIMESTAMP, T1_ID BIGINT, T2_ID BIGINT );]
14:25:46.113 [Test worker] DEBUG org.springframework.jdbc.datasource.DataSourceUtils - Fetching JDBC Connection from DataSource
14:25:46.113 [Test worker] DEBUG org.springframework.jdbc.datasource.DataSourceUtils - Returning JDBC Connection to DataSource
14:25:46.113 [Test worker] DEBUG org.springframework.jdbc.core.JdbcTemplate - Executing SQL statement [ALTER TABLE TABLE_3 ADD FOREIGN KEY (T1_ID) REFERENCES TABLE_1 (ID);]
14:25:46.113 [Test worker] DEBUG org.springframework.jdbc.datasource.DataSourceUtils - Fetching JDBC Connection from DataSource
14:25:46.113 [Test worker] DEBUG org.springframework.jdbc.datasource.DataSourceUtils - Returning JDBC Connection to DataSource
14:25:46.113 [Test worker] DEBUG org.springframework.jdbc.core.JdbcTemplate - Executing SQL statement [ALTER TABLE TABLE_3 ADD FOREIGN KEY (T2_ID) REFERENCES TABLE_2 (ID);]
14:25:46.113 [Test worker] DEBUG org.springframework.jdbc.datasource.DataSourceUtils - Fetching JDBC Connection from DataSource
14:25:46.113 [Test worker] DEBUG org.springframework.jdbc.datasource.DataSourceUtils - Returning JDBC Connection to DataSource
14:25:46.113 [Test worker] DEBUG org.springframework.jdbc.core.JdbcTemplate - Executing SQL statement [CREATE TABLE TABLE_4 ( ID BIGINT, NAME VARCHAR(100), CREATION_TIME TIMESTAMP, T1_ID BIGINT );]
14:25:46.113 [Test worker] DEBUG org.springframework.jdbc.datasource.DataSourceUtils - Fetching JDBC Connection from DataSource
14:25:46.113 [Test worker] DEBUG org.springframework.jdbc.datasource.DataSourceUtils - Returning JDBC Connection to DataSource
14:25:46.113 [Test worker] DEBUG org.springframework.jdbc.core.JdbcTemplate - Executing SQL statement [ALTER TABLE TABLE_4 ADD FOREIGN KEY (T1_ID) REFERENCES TABLE_1 (ID);]
14:25:46.113 [Test worker] DEBUG org.springframework.jdbc.datasource.DataSourceUtils - Fetching JDBC Connection from DataSource
14:25:46.115 [Test worker] DEBUG org.springframework.jdbc.datasource.DataSourceUtils - Returning JDBC Connection to DataSource
14:25:46.115 [Test worker] DEBUG org.springframework.jdbc.core.JdbcTemplate - Executing SQL statement [CREATE TABLE TABLE_5 ( ID BIGINT, NAME VARCHAR(100), CREATION_TIME TIMESTAMP, T1_ID BIGINT, PRIMARY KEY(ID, NAME) );]
14:25:46.115 [Test worker] DEBUG org.springframework.jdbc.datasource.DataSourceUtils - Fetching JDBC Connection from DataSource
14:25:46.115 [Test worker] DEBUG org.springframework.jdbc.datasource.DataSourceUtils - Returning JDBC Connection to DataSource
14:25:46.115 [Test worker] DEBUG org.springframework.jdbc.core.JdbcTemplate - Executing SQL statement [ALTER TABLE TABLE_5 ADD FOREIGN KEY (T1_ID) REFERENCES TABLE_1 (ID);]
14:25:46.115 [Test worker] DEBUG org.springframework.jdbc.datasource.DataSourceUtils - Fetching JDBC Connection from DataSource
14:25:46.115 [Test worker] DEBUG org.springframework.jdbc.datasource.DataSourceUtils - Returning JDBC Connection to DataSource
14:25:46.122 [Test worker] DEBUG org.springframework.jdbc.datasource.DataSourceUtils - Fetching JDBC Connection from DataSource
14:25:46.140 [Test worker] DEBUG org.springframework.jdbc.datasource.DataSourceUtils - Returning JDBC Connection to DataSource
14:25:46.141 [Test worker] DEBUG org.springframework.jdbc.datasource.DataSourceUtils - Fetching JDBC Connection from DataSource
14:25:46.177 [Test worker] DEBUG org.springframework.jdbc.datasource.DataSourceUtils - Returning JDBC Connection to DataSource
14:25:46.177 [Test worker] DEBUG org.springframework.jdbc.datasource.DataSourceUtils - Fetching JDBC Connection from DataSource
14:25:46.178 [Test worker] DEBUG org.springframework.jdbc.datasource.DataSourceUtils - Fetching JDBC Connection from DataSource
14:25:46.197 [Test worker] DEBUG org.springframework.jdbc.datasource.DataSourceUtils - Returning JDBC Connection to DataSource
14:25:46.198 [Test worker] DEBUG org.springframework.jdbc.datasource.DataSourceUtils - Returning JDBC Connection to DataSource
14:25:46.202 [Test worker] DEBUG org.springframework.jdbc.datasource.DataSourceUtils - Fetching JDBC Connection from DataSource
14:25:46.203 [Test worker] DEBUG org.springframework.jdbc.datasource.DataSourceUtils - Fetching JDBC Connection from DataSource
14:25:46.204 [Test worker] DEBUG org.springframework.jdbc.datasource.DataSourceUtils - Returning JDBC Connection to DataSource
14:25:46.204 [Test worker] DEBUG org.springframework.jdbc.datasource.DataSourceUtils - Returning JDBC Connection to DataSource
]]></system-out>
  <system-err><![CDATA[]]></system-err>
</testsuite>
