<?xml version="1.0" encoding="UTF-8"?>
<testsuite name="com.wongnai.tools.de.service.TableExporterTest" tests="1" skipped="0" failures="0" errors="0" timestamp="2016-08-29T07:54:26" hostname="skrityak-tp" time="0.39">
  <properties/>
  <testcase name="testBasic" classname="com.wongnai.tools.de.service.TableExporterTest" time="0.39"/>
  <system-out><![CDATA[14:54:26.493 [Test worker] DEBUG org.springframework.jdbc.core.JdbcTemplate - Executing SQL statement [CREATE TABLE TABLE_1 ( ID BIGINT PRIMARY KEY, NAME VARCHAR(100), CREATION_TIME TIMESTAMP, V1 REAL );]
14:54:26.494 [Test worker] DEBUG org.springframework.jdbc.datasource.DataSourceUtils - Fetching JDBC Connection from DataSource
14:54:26.519 [Test worker] DEBUG org.springframework.jdbc.datasource.DataSourceUtils - Returning JDBC Connection to DataSource
14:54:26.519 [Test worker] DEBUG org.springframework.jdbc.core.JdbcTemplate - Executing SQL statement [CREATE TABLE TABLE_2 ( ID BIGINT PRIMARY KEY, NAME VARCHAR(100), CREATION_TIME TIMESTAMP, T1_ID BIGINT );]
14:54:26.519 [Test worker] DEBUG org.springframework.jdbc.datasource.DataSourceUtils - Fetching JDBC Connection from DataSource
14:54:26.519 [Test worker] DEBUG org.springframework.jdbc.datasource.DataSourceUtils - Returning JDBC Connection to DataSource
14:54:26.519 [Test worker] DEBUG org.springframework.jdbc.core.JdbcTemplate - Executing SQL statement [ALTER TABLE TABLE_2 ADD FOREIGN KEY (T1_ID) REFERENCES TABLE_1 (ID);]
14:54:26.519 [Test worker] DEBUG org.springframework.jdbc.datasource.DataSourceUtils - Fetching JDBC Connection from DataSource
14:54:26.519 [Test worker] DEBUG org.springframework.jdbc.datasource.DataSourceUtils - Returning JDBC Connection to DataSource
14:54:26.519 [Test worker] DEBUG org.springframework.jdbc.core.JdbcTemplate - Executing SQL statement [CREATE TABLE TABLE_3 ( ID BIGINT PRIMARY KEY, NAME VARCHAR(100), CREATION_TIME TIMESTAMP, T1_ID BIGINT, T2_ID BIGINT );]
14:54:26.519 [Test worker] DEBUG org.springframework.jdbc.datasource.DataSourceUtils - Fetching JDBC Connection from DataSource
14:54:26.520 [Test worker] DEBUG org.springframework.jdbc.datasource.DataSourceUtils - Returning JDBC Connection to DataSource
14:54:26.520 [Test worker] DEBUG org.springframework.jdbc.core.JdbcTemplate - Executing SQL statement [ALTER TABLE TABLE_3 ADD FOREIGN KEY (T1_ID) REFERENCES TABLE_1 (ID);]
14:54:26.520 [Test worker] DEBUG org.springframework.jdbc.datasource.DataSourceUtils - Fetching JDBC Connection from DataSource
14:54:26.520 [Test worker] DEBUG org.springframework.jdbc.datasource.DataSourceUtils - Returning JDBC Connection to DataSource
14:54:26.520 [Test worker] DEBUG org.springframework.jdbc.core.JdbcTemplate - Executing SQL statement [ALTER TABLE TABLE_3 ADD FOREIGN KEY (T2_ID) REFERENCES TABLE_2 (ID);]
14:54:26.520 [Test worker] DEBUG org.springframework.jdbc.datasource.DataSourceUtils - Fetching JDBC Connection from DataSource
14:54:26.520 [Test worker] DEBUG org.springframework.jdbc.datasource.DataSourceUtils - Returning JDBC Connection to DataSource
14:54:26.522 [Test worker] DEBUG org.springframework.jdbc.core.JdbcTemplate - Executing SQL statement [INSERT INTO TABLE_1 VALUES(1, 't1name\1', '2016-08-25 00:01:41.000', 201)]
14:54:26.522 [Test worker] DEBUG org.springframework.jdbc.datasource.DataSourceUtils - Fetching JDBC Connection from DataSource
14:54:26.523 [Test worker] DEBUG org.springframework.jdbc.datasource.DataSourceUtils - Returning JDBC Connection to DataSource
14:54:26.523 [Test worker] DEBUG org.springframework.jdbc.core.JdbcTemplate - Executing SQL statement [INSERT INTO TABLE_1 VALUES(2, 't1name\2', '2016-08-25 00:01:42.000', 202)]
14:54:26.523 [Test worker] DEBUG org.springframework.jdbc.datasource.DataSourceUtils - Fetching JDBC Connection from DataSource
14:54:26.523 [Test worker] DEBUG org.springframework.jdbc.datasource.DataSourceUtils - Returning JDBC Connection to DataSource
14:54:26.523 [Test worker] DEBUG org.springframework.jdbc.core.JdbcTemplate - Executing SQL statement [INSERT INTO TABLE_1 VALUES(3, 't1name\3', '2016-08-25 00:01:43.000', 203)]
14:54:26.523 [Test worker] DEBUG org.springframework.jdbc.datasource.DataSourceUtils - Fetching JDBC Connection from DataSource
14:54:26.524 [Test worker] DEBUG org.springframework.jdbc.datasource.DataSourceUtils - Returning JDBC Connection to DataSource
14:54:26.524 [Test worker] DEBUG org.springframework.jdbc.core.JdbcTemplate - Executing SQL statement [INSERT INTO TABLE_1 VALUES(4, 't1name\4', '2016-08-25 00:01:44.000', 204)]
14:54:26.524 [Test worker] DEBUG org.springframework.jdbc.datasource.DataSourceUtils - Fetching JDBC Connection from DataSource
14:54:26.524 [Test worker] DEBUG org.springframework.jdbc.datasource.DataSourceUtils - Returning JDBC Connection to DataSource
14:54:26.524 [Test worker] DEBUG org.springframework.jdbc.core.JdbcTemplate - Executing SQL statement [INSERT INTO TABLE_1 VALUES(5, 't1name\5', '2016-08-25 00:01:45.000', 205)]
14:54:26.524 [Test worker] DEBUG org.springframework.jdbc.datasource.DataSourceUtils - Fetching JDBC Connection from DataSource
14:54:26.525 [Test worker] DEBUG org.springframework.jdbc.datasource.DataSourceUtils - Returning JDBC Connection to DataSource
14:54:26.525 [Test worker] DEBUG org.springframework.jdbc.core.JdbcTemplate - Executing SQL statement [INSERT INTO TABLE_1 VALUES(6, 't1name\6', '2016-08-25 00:01:46.000', 206)]
14:54:26.525 [Test worker] DEBUG org.springframework.jdbc.datasource.DataSourceUtils - Fetching JDBC Connection from DataSource
14:54:26.525 [Test worker] DEBUG org.springframework.jdbc.datasource.DataSourceUtils - Returning JDBC Connection to DataSource
14:54:26.525 [Test worker] DEBUG org.springframework.jdbc.core.JdbcTemplate - Executing SQL statement [INSERT INTO TABLE_1 VALUES(7, 't1name\7', '2016-08-25 00:01:47.000', 207)]
14:54:26.525 [Test worker] DEBUG org.springframework.jdbc.datasource.DataSourceUtils - Fetching JDBC Connection from DataSource
14:54:26.526 [Test worker] DEBUG org.springframework.jdbc.datasource.DataSourceUtils - Returning JDBC Connection to DataSource
14:54:26.526 [Test worker] DEBUG org.springframework.jdbc.core.JdbcTemplate - Executing SQL statement [INSERT INTO TABLE_1 VALUES(8, 't1name\8', '2016-08-25 00:01:48.000', 208)]
14:54:26.526 [Test worker] DEBUG org.springframework.jdbc.datasource.DataSourceUtils - Fetching JDBC Connection from DataSource
14:54:26.526 [Test worker] DEBUG org.springframework.jdbc.datasource.DataSourceUtils - Returning JDBC Connection to DataSource
14:54:26.526 [Test worker] DEBUG org.springframework.jdbc.core.JdbcTemplate - Executing SQL statement [INSERT INTO TABLE_1 VALUES(9, 't1name\9', '2016-08-25 00:01:49.000', 209)]
14:54:26.526 [Test worker] DEBUG org.springframework.jdbc.datasource.DataSourceUtils - Fetching JDBC Connection from DataSource
14:54:26.526 [Test worker] DEBUG org.springframework.jdbc.datasource.DataSourceUtils - Returning JDBC Connection to DataSource
14:54:26.527 [Test worker] DEBUG org.springframework.jdbc.core.JdbcTemplate - Executing SQL statement [INSERT INTO TABLE_1 VALUES(10, 't1name\10', '2016-08-25 00:01:50.000', 210)]
14:54:26.527 [Test worker] DEBUG org.springframework.jdbc.datasource.DataSourceUtils - Fetching JDBC Connection from DataSource
14:54:26.527 [Test worker] DEBUG org.springframework.jdbc.datasource.DataSourceUtils - Returning JDBC Connection to DataSource
14:54:26.527 [Test worker] DEBUG org.springframework.jdbc.core.JdbcTemplate - Executing SQL statement [INSERT INTO TABLE_1 VALUES(11, 't1name\11', '2016-08-25 00:01:51.000', 211)]
14:54:26.527 [Test worker] DEBUG org.springframework.jdbc.datasource.DataSourceUtils - Fetching JDBC Connection from DataSource
14:54:26.527 [Test worker] DEBUG org.springframework.jdbc.datasource.DataSourceUtils - Returning JDBC Connection to DataSource
14:54:26.528 [Test worker] DEBUG org.springframework.jdbc.core.JdbcTemplate - Executing SQL statement [INSERT INTO TABLE_1 VALUES(12, 't1name\12', '2016-08-25 00:01:52.000', 212)]
14:54:26.528 [Test worker] DEBUG org.springframework.jdbc.datasource.DataSourceUtils - Fetching JDBC Connection from DataSource
14:54:26.528 [Test worker] DEBUG org.springframework.jdbc.datasource.DataSourceUtils - Returning JDBC Connection to DataSource
14:54:26.528 [Test worker] DEBUG org.springframework.jdbc.core.JdbcTemplate - Executing SQL statement [INSERT INTO TABLE_1 VALUES(13, 't1name\13', '2016-08-25 00:01:53.000', 213)]
14:54:26.528 [Test worker] DEBUG org.springframework.jdbc.datasource.DataSourceUtils - Fetching JDBC Connection from DataSource
14:54:26.528 [Test worker] DEBUG org.springframework.jdbc.datasource.DataSourceUtils - Returning JDBC Connection to DataSource
14:54:26.528 [Test worker] DEBUG org.springframework.jdbc.core.JdbcTemplate - Executing SQL statement [INSERT INTO TABLE_1 VALUES(14, 't1name\14', '2016-08-25 00:01:54.000', 214)]
14:54:26.528 [Test worker] DEBUG org.springframework.jdbc.datasource.DataSourceUtils - Fetching JDBC Connection from DataSource
14:54:26.529 [Test worker] DEBUG org.springframework.jdbc.datasource.DataSourceUtils - Returning JDBC Connection to DataSource
14:54:26.529 [Test worker] DEBUG org.springframework.jdbc.core.JdbcTemplate - Executing SQL statement [INSERT INTO TABLE_1 VALUES(15, 't1name\15', '2016-08-25 00:01:55.000', 215)]
14:54:26.529 [Test worker] DEBUG org.springframework.jdbc.datasource.DataSourceUtils - Fetching JDBC Connection from DataSource
14:54:26.529 [Test worker] DEBUG org.springframework.jdbc.datasource.DataSourceUtils - Returning JDBC Connection to DataSource
14:54:26.529 [Test worker] DEBUG org.springframework.jdbc.core.JdbcTemplate - Executing SQL statement [INSERT INTO TABLE_1 VALUES(16, 't1name\16', '2016-08-25 00:01:56.000', 216)]
14:54:26.529 [Test worker] DEBUG org.springframework.jdbc.datasource.DataSourceUtils - Fetching JDBC Connection from DataSource
14:54:26.530 [Test worker] DEBUG org.springframework.jdbc.datasource.DataSourceUtils - Returning JDBC Connection to DataSource
14:54:26.530 [Test worker] DEBUG org.springframework.jdbc.core.JdbcTemplate - Executing SQL statement [INSERT INTO TABLE_1 VALUES(17, 't1name\17', '2016-08-25 00:01:57.000', 217)]
14:54:26.530 [Test worker] DEBUG org.springframework.jdbc.datasource.DataSourceUtils - Fetching JDBC Connection from DataSource
14:54:26.530 [Test worker] DEBUG org.springframework.jdbc.datasource.DataSourceUtils - Returning JDBC Connection to DataSource
14:54:26.531 [Test worker] DEBUG org.springframework.jdbc.core.JdbcTemplate - Executing SQL statement [INSERT INTO TABLE_1 VALUES(18, 't1name\18', '2016-08-25 00:01:58.000', 218)]
14:54:26.531 [Test worker] DEBUG org.springframework.jdbc.datasource.DataSourceUtils - Fetching JDBC Connection from DataSource
14:54:26.531 [Test worker] DEBUG org.springframework.jdbc.datasource.DataSourceUtils - Returning JDBC Connection to DataSource
14:54:26.531 [Test worker] DEBUG org.springframework.jdbc.core.JdbcTemplate - Executing SQL statement [INSERT INTO TABLE_1 VALUES(19, 't1name\19', '2016-08-25 00:01:59.000', 219)]
14:54:26.531 [Test worker] DEBUG org.springframework.jdbc.datasource.DataSourceUtils - Fetching JDBC Connection from DataSource
14:54:26.531 [Test worker] DEBUG org.springframework.jdbc.datasource.DataSourceUtils - Returning JDBC Connection to DataSource
14:54:26.531 [Test worker] DEBUG org.springframework.jdbc.core.JdbcTemplate - Executing SQL statement [INSERT INTO TABLE_1 VALUES(20, 't1name\20', '2016-08-25 00:02:00.000', 220)]
14:54:26.532 [Test worker] DEBUG org.springframework.jdbc.datasource.DataSourceUtils - Fetching JDBC Connection from DataSource
14:54:26.532 [Test worker] DEBUG org.springframework.jdbc.datasource.DataSourceUtils - Returning JDBC Connection to DataSource
14:54:26.532 [Test worker] DEBUG org.springframework.jdbc.core.JdbcTemplate - Executing SQL statement [INSERT INTO TABLE_2 VALUES(1, 't2name''1', '2016-08-25 00:03:21.000', null)]
14:54:26.532 [Test worker] DEBUG org.springframework.jdbc.datasource.DataSourceUtils - Fetching JDBC Connection from DataSource
14:54:26.532 [Test worker] DEBUG org.springframework.jdbc.datasource.DataSourceUtils - Returning JDBC Connection to DataSource
14:54:26.532 [Test worker] DEBUG org.springframework.jdbc.core.JdbcTemplate - Executing SQL statement [INSERT INTO TABLE_2 VALUES(2, 't2name''2', '2016-08-25 00:03:22.000', null)]
14:54:26.532 [Test worker] DEBUG org.springframework.jdbc.datasource.DataSourceUtils - Fetching JDBC Connection from DataSource
14:54:26.533 [Test worker] DEBUG org.springframework.jdbc.datasource.DataSourceUtils - Returning JDBC Connection to DataSource
14:54:26.533 [Test worker] DEBUG org.springframework.jdbc.core.JdbcTemplate - Executing SQL statement [INSERT INTO TABLE_2 VALUES(3, 't2name''3', '2016-08-25 00:03:23.000', null)]
14:54:26.533 [Test worker] DEBUG org.springframework.jdbc.datasource.DataSourceUtils - Fetching JDBC Connection from DataSource
14:54:26.533 [Test worker] DEBUG org.springframework.jdbc.datasource.DataSourceUtils - Returning JDBC Connection to DataSource
14:54:26.533 [Test worker] DEBUG org.springframework.jdbc.core.JdbcTemplate - Executing SQL statement [INSERT INTO TABLE_2 VALUES(4, 't2name''4', '2016-08-25 00:03:24.000', null)]
14:54:26.533 [Test worker] DEBUG org.springframework.jdbc.datasource.DataSourceUtils - Fetching JDBC Connection from DataSource
14:54:26.534 [Test worker] DEBUG org.springframework.jdbc.datasource.DataSourceUtils - Returning JDBC Connection to DataSource
14:54:26.534 [Test worker] DEBUG org.springframework.jdbc.core.JdbcTemplate - Executing SQL statement [INSERT INTO TABLE_2 VALUES(5, 't2name''5', '2016-08-25 00:03:25.000', null)]
14:54:26.534 [Test worker] DEBUG org.springframework.jdbc.datasource.DataSourceUtils - Fetching JDBC Connection from DataSource
14:54:26.534 [Test worker] DEBUG org.springframework.jdbc.datasource.DataSourceUtils - Returning JDBC Connection to DataSource
14:54:26.534 [Test worker] DEBUG org.springframework.jdbc.core.JdbcTemplate - Executing SQL statement [INSERT INTO TABLE_2 VALUES(6, 't2name''6', '2016-08-25 00:03:26.000', 1)]
14:54:26.534 [Test worker] DEBUG org.springframework.jdbc.datasource.DataSourceUtils - Fetching JDBC Connection from DataSource
14:54:26.534 [Test worker] DEBUG org.springframework.jdbc.datasource.DataSourceUtils - Returning JDBC Connection to DataSource
14:54:26.534 [Test worker] DEBUG org.springframework.jdbc.core.JdbcTemplate - Executing SQL statement [INSERT INTO TABLE_2 VALUES(7, 't2name''7', '2016-08-25 00:03:27.000', 2)]
14:54:26.534 [Test worker] DEBUG org.springframework.jdbc.datasource.DataSourceUtils - Fetching JDBC Connection from DataSource
14:54:26.534 [Test worker] DEBUG org.springframework.jdbc.datasource.DataSourceUtils - Returning JDBC Connection to DataSource
14:54:26.535 [Test worker] DEBUG org.springframework.jdbc.core.JdbcTemplate - Executing SQL statement [INSERT INTO TABLE_2 VALUES(8, 't2name''8', '2016-08-25 00:03:28.000', 3)]
14:54:26.535 [Test worker] DEBUG org.springframework.jdbc.datasource.DataSourceUtils - Fetching JDBC Connection from DataSource
14:54:26.535 [Test worker] DEBUG org.springframework.jdbc.datasource.DataSourceUtils - Returning JDBC Connection to DataSource
14:54:26.536 [Test worker] DEBUG org.springframework.jdbc.core.JdbcTemplate - Executing SQL statement [INSERT INTO TABLE_2 VALUES(9, 't2name''9', '2016-08-25 00:03:29.000', 4)]
14:54:26.536 [Test worker] DEBUG org.springframework.jdbc.datasource.DataSourceUtils - Fetching JDBC Connection from DataSource
14:54:26.536 [Test worker] DEBUG org.springframework.jdbc.datasource.DataSourceUtils - Returning JDBC Connection to DataSource
14:54:26.536 [Test worker] DEBUG org.springframework.jdbc.core.JdbcTemplate - Executing SQL statement [INSERT INTO TABLE_2 VALUES(10, 't2name''10', '2016-08-25 00:03:30.000', 5)]
14:54:26.536 [Test worker] DEBUG org.springframework.jdbc.datasource.DataSourceUtils - Fetching JDBC Connection from DataSource
14:54:26.536 [Test worker] DEBUG org.springframework.jdbc.datasource.DataSourceUtils - Returning JDBC Connection to DataSource
14:54:26.536 [Test worker] DEBUG org.springframework.jdbc.core.JdbcTemplate - Executing SQL statement [INSERT INTO TABLE_2 VALUES(11, 't2name''11', '2016-08-25 00:03:31.000', 6)]
14:54:26.536 [Test worker] DEBUG org.springframework.jdbc.datasource.DataSourceUtils - Fetching JDBC Connection from DataSource
14:54:26.537 [Test worker] DEBUG org.springframework.jdbc.datasource.DataSourceUtils - Returning JDBC Connection to DataSource
14:54:26.537 [Test worker] DEBUG org.springframework.jdbc.core.JdbcTemplate - Executing SQL statement [INSERT INTO TABLE_2 VALUES(12, 't2name''12', '2016-08-25 00:03:32.000', 7)]
14:54:26.537 [Test worker] DEBUG org.springframework.jdbc.datasource.DataSourceUtils - Fetching JDBC Connection from DataSource
14:54:26.537 [Test worker] DEBUG org.springframework.jdbc.datasource.DataSourceUtils - Returning JDBC Connection to DataSource
14:54:26.537 [Test worker] DEBUG org.springframework.jdbc.core.JdbcTemplate - Executing SQL statement [INSERT INTO TABLE_2 VALUES(13, 't2name''13', '2016-08-25 00:03:33.000', 8)]
14:54:26.537 [Test worker] DEBUG org.springframework.jdbc.datasource.DataSourceUtils - Fetching JDBC Connection from DataSource
14:54:26.538 [Test worker] DEBUG org.springframework.jdbc.datasource.DataSourceUtils - Returning JDBC Connection to DataSource
14:54:26.538 [Test worker] DEBUG org.springframework.jdbc.core.JdbcTemplate - Executing SQL statement [INSERT INTO TABLE_2 VALUES(14, 't2name''14', '2016-08-25 00:03:34.000', 9)]
14:54:26.538 [Test worker] DEBUG org.springframework.jdbc.datasource.DataSourceUtils - Fetching JDBC Connection from DataSource
14:54:26.538 [Test worker] DEBUG org.springframework.jdbc.datasource.DataSourceUtils - Returning JDBC Connection to DataSource
14:54:26.538 [Test worker] DEBUG org.springframework.jdbc.core.JdbcTemplate - Executing SQL statement [INSERT INTO TABLE_2 VALUES(15, 't2name''15', '2016-08-25 00:03:35.000', 10)]
14:54:26.538 [Test worker] DEBUG org.springframework.jdbc.datasource.DataSourceUtils - Fetching JDBC Connection from DataSource
14:54:26.539 [Test worker] DEBUG org.springframework.jdbc.datasource.DataSourceUtils - Returning JDBC Connection to DataSource
14:54:26.539 [Test worker] DEBUG org.springframework.jdbc.core.JdbcTemplate - Executing SQL statement [INSERT INTO TABLE_2 VALUES(16, 't2name''16', '2016-08-25 00:03:36.000', 11)]
14:54:26.539 [Test worker] DEBUG org.springframework.jdbc.datasource.DataSourceUtils - Fetching JDBC Connection from DataSource
14:54:26.539 [Test worker] DEBUG org.springframework.jdbc.datasource.DataSourceUtils - Returning JDBC Connection to DataSource
14:54:26.539 [Test worker] DEBUG org.springframework.jdbc.core.JdbcTemplate - Executing SQL statement [INSERT INTO TABLE_2 VALUES(17, 't2name''17', '2016-08-25 00:03:37.000', 12)]
14:54:26.539 [Test worker] DEBUG org.springframework.jdbc.datasource.DataSourceUtils - Fetching JDBC Connection from DataSource
14:54:26.540 [Test worker] DEBUG org.springframework.jdbc.datasource.DataSourceUtils - Returning JDBC Connection to DataSource
14:54:26.540 [Test worker] DEBUG org.springframework.jdbc.core.JdbcTemplate - Executing SQL statement [INSERT INTO TABLE_2 VALUES(18, 't2name''18', '2016-08-25 00:03:38.000', 13)]
14:54:26.540 [Test worker] DEBUG org.springframework.jdbc.datasource.DataSourceUtils - Fetching JDBC Connection from DataSource
14:54:26.540 [Test worker] DEBUG org.springframework.jdbc.datasource.DataSourceUtils - Returning JDBC Connection to DataSource
14:54:26.540 [Test worker] DEBUG org.springframework.jdbc.core.JdbcTemplate - Executing SQL statement [INSERT INTO TABLE_2 VALUES(19, 't2name''19', '2016-08-25 00:03:39.000', 14)]
14:54:26.540 [Test worker] DEBUG org.springframework.jdbc.datasource.DataSourceUtils - Fetching JDBC Connection from DataSource
14:54:26.540 [Test worker] DEBUG org.springframework.jdbc.datasource.DataSourceUtils - Returning JDBC Connection to DataSource
14:54:26.541 [Test worker] DEBUG org.springframework.jdbc.core.JdbcTemplate - Executing SQL statement [INSERT INTO TABLE_2 VALUES(20, 't2name''20', '2016-08-25 00:03:40.000', 15)]
14:54:26.541 [Test worker] DEBUG org.springframework.jdbc.datasource.DataSourceUtils - Fetching JDBC Connection from DataSource
14:54:26.541 [Test worker] DEBUG org.springframework.jdbc.datasource.DataSourceUtils - Returning JDBC Connection to DataSource
14:54:26.541 [Test worker] DEBUG org.springframework.jdbc.core.JdbcTemplate - Executing SQL statement [INSERT INTO TABLE_3 VALUES(1, 't3name1', '2016-08-25 00:05:01.000', null, null)]
14:54:26.541 [Test worker] DEBUG org.springframework.jdbc.datasource.DataSourceUtils - Fetching JDBC Connection from DataSource
14:54:26.541 [Test worker] DEBUG org.springframework.jdbc.datasource.DataSourceUtils - Returning JDBC Connection to DataSource
14:54:26.541 [Test worker] DEBUG org.springframework.jdbc.core.JdbcTemplate - Executing SQL statement [INSERT INTO TABLE_3 VALUES(2, 't3name2', '2016-08-25 00:05:02.000', null, null)]
14:54:26.541 [Test worker] DEBUG org.springframework.jdbc.datasource.DataSourceUtils - Fetching JDBC Connection from DataSource
14:54:26.542 [Test worker] DEBUG org.springframework.jdbc.datasource.DataSourceUtils - Returning JDBC Connection to DataSource
14:54:26.542 [Test worker] DEBUG org.springframework.jdbc.core.JdbcTemplate - Executing SQL statement [INSERT INTO TABLE_3 VALUES(3, 't3name3', '2016-08-25 00:05:03.000', null, null)]
14:54:26.542 [Test worker] DEBUG org.springframework.jdbc.datasource.DataSourceUtils - Fetching JDBC Connection from DataSource
14:54:26.542 [Test worker] DEBUG org.springframework.jdbc.datasource.DataSourceUtils - Returning JDBC Connection to DataSource
14:54:26.542 [Test worker] DEBUG org.springframework.jdbc.core.JdbcTemplate - Executing SQL statement [INSERT INTO TABLE_3 VALUES(4, 't3name4', '2016-08-25 00:05:04.000', null, null)]
14:54:26.542 [Test worker] DEBUG org.springframework.jdbc.datasource.DataSourceUtils - Fetching JDBC Connection from DataSource
14:54:26.543 [Test worker] DEBUG org.springframework.jdbc.datasource.DataSourceUtils - Returning JDBC Connection to DataSource
14:54:26.543 [Test worker] DEBUG org.springframework.jdbc.core.JdbcTemplate - Executing SQL statement [INSERT INTO TABLE_3 VALUES(5, 't3name5', '2016-08-25 00:05:05.000', null, null)]
14:54:26.543 [Test worker] DEBUG org.springframework.jdbc.datasource.DataSourceUtils - Fetching JDBC Connection from DataSource
14:54:26.543 [Test worker] DEBUG org.springframework.jdbc.datasource.DataSourceUtils - Returning JDBC Connection to DataSource
14:54:26.543 [Test worker] DEBUG org.springframework.jdbc.core.JdbcTemplate - Executing SQL statement [INSERT INTO TABLE_3 VALUES(6, 't3name6', '2016-08-25 00:05:06.000', null, null)]
14:54:26.543 [Test worker] DEBUG org.springframework.jdbc.datasource.DataSourceUtils - Fetching JDBC Connection from DataSource
14:54:26.543 [Test worker] DEBUG org.springframework.jdbc.datasource.DataSourceUtils - Returning JDBC Connection to DataSource
14:54:26.544 [Test worker] DEBUG org.springframework.jdbc.core.JdbcTemplate - Executing SQL statement [INSERT INTO TABLE_3 VALUES(7, 't3name7', '2016-08-25 00:05:07.000', null, null)]
14:54:26.544 [Test worker] DEBUG org.springframework.jdbc.datasource.DataSourceUtils - Fetching JDBC Connection from DataSource
14:54:26.544 [Test worker] DEBUG org.springframework.jdbc.datasource.DataSourceUtils - Returning JDBC Connection to DataSource
14:54:26.544 [Test worker] DEBUG org.springframework.jdbc.core.JdbcTemplate - Executing SQL statement [INSERT INTO TABLE_3 VALUES(8, 't3name8', '2016-08-25 00:05:08.000', null, null)]
14:54:26.544 [Test worker] DEBUG org.springframework.jdbc.datasource.DataSourceUtils - Fetching JDBC Connection from DataSource
14:54:26.545 [Test worker] DEBUG org.springframework.jdbc.datasource.DataSourceUtils - Returning JDBC Connection to DataSource
14:54:26.545 [Test worker] DEBUG org.springframework.jdbc.core.JdbcTemplate - Executing SQL statement [INSERT INTO TABLE_3 VALUES(9, 't3name9', '2016-08-25 00:05:09.000', null, null)]
14:54:26.545 [Test worker] DEBUG org.springframework.jdbc.datasource.DataSourceUtils - Fetching JDBC Connection from DataSource
14:54:26.545 [Test worker] DEBUG org.springframework.jdbc.datasource.DataSourceUtils - Returning JDBC Connection to DataSource
14:54:26.545 [Test worker] DEBUG org.springframework.jdbc.core.JdbcTemplate - Executing SQL statement [INSERT INTO TABLE_3 VALUES(10, 't3name10', '2016-08-25 00:05:10.000', null, null)]
14:54:26.545 [Test worker] DEBUG org.springframework.jdbc.datasource.DataSourceUtils - Fetching JDBC Connection from DataSource
14:54:26.545 [Test worker] DEBUG org.springframework.jdbc.datasource.DataSourceUtils - Returning JDBC Connection to DataSource
14:54:26.546 [Test worker] DEBUG org.springframework.jdbc.core.JdbcTemplate - Executing SQL statement [INSERT INTO TABLE_3 VALUES(11, 't3name11', '2016-08-25 00:05:11.000', 1, null)]
14:54:26.546 [Test worker] DEBUG org.springframework.jdbc.datasource.DataSourceUtils - Fetching JDBC Connection from DataSource
14:54:26.546 [Test worker] DEBUG org.springframework.jdbc.datasource.DataSourceUtils - Returning JDBC Connection to DataSource
14:54:26.546 [Test worker] DEBUG org.springframework.jdbc.core.JdbcTemplate - Executing SQL statement [INSERT INTO TABLE_3 VALUES(12, 't3name12', '2016-08-25 00:05:12.000', 2, null)]
14:54:26.546 [Test worker] DEBUG org.springframework.jdbc.datasource.DataSourceUtils - Fetching JDBC Connection from DataSource
14:54:26.546 [Test worker] DEBUG org.springframework.jdbc.datasource.DataSourceUtils - Returning JDBC Connection to DataSource
14:54:26.546 [Test worker] DEBUG org.springframework.jdbc.core.JdbcTemplate - Executing SQL statement [INSERT INTO TABLE_3 VALUES(13, 't3name13', '2016-08-25 00:05:13.000', 3, null)]
14:54:26.547 [Test worker] DEBUG org.springframework.jdbc.datasource.DataSourceUtils - Fetching JDBC Connection from DataSource
14:54:26.547 [Test worker] DEBUG org.springframework.jdbc.datasource.DataSourceUtils - Returning JDBC Connection to DataSource
14:54:26.547 [Test worker] DEBUG org.springframework.jdbc.core.JdbcTemplate - Executing SQL statement [INSERT INTO TABLE_3 VALUES(14, 't3name14', '2016-08-25 00:05:14.000', 4, null)]
14:54:26.547 [Test worker] DEBUG org.springframework.jdbc.datasource.DataSourceUtils - Fetching JDBC Connection from DataSource
14:54:26.547 [Test worker] DEBUG org.springframework.jdbc.datasource.DataSourceUtils - Returning JDBC Connection to DataSource
14:54:26.547 [Test worker] DEBUG org.springframework.jdbc.core.JdbcTemplate - Executing SQL statement [INSERT INTO TABLE_3 VALUES(15, 't3name15', '2016-08-25 00:05:15.000', 5, null)]
14:54:26.547 [Test worker] DEBUG org.springframework.jdbc.datasource.DataSourceUtils - Fetching JDBC Connection from DataSource
14:54:26.548 [Test worker] DEBUG org.springframework.jdbc.datasource.DataSourceUtils - Returning JDBC Connection to DataSource
14:54:26.548 [Test worker] DEBUG org.springframework.jdbc.core.JdbcTemplate - Executing SQL statement [INSERT INTO TABLE_3 VALUES(16, 't3name16', '2016-08-25 00:05:16.000', 6, 1)]
14:54:26.548 [Test worker] DEBUG org.springframework.jdbc.datasource.DataSourceUtils - Fetching JDBC Connection from DataSource
14:54:26.548 [Test worker] DEBUG org.springframework.jdbc.datasource.DataSourceUtils - Returning JDBC Connection to DataSource
14:54:26.548 [Test worker] DEBUG org.springframework.jdbc.core.JdbcTemplate - Executing SQL statement [INSERT INTO TABLE_3 VALUES(17, 't3name17', '2016-08-25 00:05:17.000', 7, 2)]
14:54:26.548 [Test worker] DEBUG org.springframework.jdbc.datasource.DataSourceUtils - Fetching JDBC Connection from DataSource
14:54:26.548 [Test worker] DEBUG org.springframework.jdbc.datasource.DataSourceUtils - Returning JDBC Connection to DataSource
14:54:26.549 [Test worker] DEBUG org.springframework.jdbc.core.JdbcTemplate - Executing SQL statement [INSERT INTO TABLE_3 VALUES(18, 't3name18', '2016-08-25 00:05:18.000', 8, 3)]
14:54:26.549 [Test worker] DEBUG org.springframework.jdbc.datasource.DataSourceUtils - Fetching JDBC Connection from DataSource
14:54:26.549 [Test worker] DEBUG org.springframework.jdbc.datasource.DataSourceUtils - Returning JDBC Connection to DataSource
14:54:26.549 [Test worker] DEBUG org.springframework.jdbc.core.JdbcTemplate - Executing SQL statement [INSERT INTO TABLE_3 VALUES(19, 't3name19', '2016-08-25 00:05:19.000', 9, 4)]
14:54:26.549 [Test worker] DEBUG org.springframework.jdbc.datasource.DataSourceUtils - Fetching JDBC Connection from DataSource
14:54:26.549 [Test worker] DEBUG org.springframework.jdbc.datasource.DataSourceUtils - Returning JDBC Connection to DataSource
14:54:26.549 [Test worker] DEBUG org.springframework.jdbc.core.JdbcTemplate - Executing SQL statement [INSERT INTO TABLE_3 VALUES(20, 't3name20', '2016-08-25 00:05:20.000', 10, 5)]
14:54:26.549 [Test worker] DEBUG org.springframework.jdbc.datasource.DataSourceUtils - Fetching JDBC Connection from DataSource
14:54:26.550 [Test worker] DEBUG org.springframework.jdbc.datasource.DataSourceUtils - Returning JDBC Connection to DataSource
14:54:26.770 [Test worker] DEBUG com.wongnai.tools.de.service.internal.DataExporterImpl - Fetching from TABLE_3 using selector 1 = 1...
14:54:26.771 [Test worker] DEBUG org.springframework.jdbc.datasource.DataSourceUtils - Fetching JDBC Connection from DataSource
14:54:26.772 [Test worker] DEBUG org.springframework.jdbc.datasource.DataSourceUtils - Fetching JDBC Connection from DataSource
14:54:26.786 [Test worker] DEBUG org.springframework.jdbc.datasource.DataSourceUtils - Returning JDBC Connection to DataSource
14:54:26.786 [Test worker] DEBUG org.springframework.jdbc.datasource.DataSourceUtils - Fetching JDBC Connection from DataSource
14:54:26.786 [Test worker] DEBUG org.springframework.jdbc.datasource.DataSourceUtils - Returning JDBC Connection to DataSource
14:54:26.786 [Test worker] DEBUG org.springframework.jdbc.datasource.DataSourceUtils - Fetching JDBC Connection from DataSource
14:54:26.787 [Test worker] DEBUG org.springframework.jdbc.datasource.DataSourceUtils - Returning JDBC Connection to DataSource
14:54:26.787 [Test worker] DEBUG org.springframework.jdbc.datasource.DataSourceUtils - Fetching JDBC Connection from DataSource
14:54:26.788 [Test worker] DEBUG org.springframework.jdbc.datasource.DataSourceUtils - Fetching JDBC Connection from DataSource
14:54:26.802 [Test worker] DEBUG org.springframework.jdbc.datasource.DataSourceUtils - Returning JDBC Connection to DataSource
14:54:26.802 [Test worker] DEBUG org.springframework.jdbc.datasource.DataSourceUtils - Returning JDBC Connection to DataSource
14:54:26.802 [Test worker] DEBUG org.springframework.jdbc.datasource.DataSourceUtils - Returning JDBC Connection to DataSource
14:54:26.812 [Test worker] DEBUG org.springframework.jdbc.core.JdbcTemplate - Executing prepared SQL query
14:54:26.812 [Test worker] DEBUG org.springframework.jdbc.core.JdbcTemplate - Executing prepared SQL statement
14:54:26.812 [Test worker] DEBUG org.springframework.jdbc.datasource.DataSourceUtils - Fetching JDBC Connection from DataSource
14:54:26.821 [Test worker] WARN com.wongnai.tools.de.service.internal.DataExporterImpl - JDBC Driver does not support cursor.
java.sql.SQLException: Invalid argument in JDBC call
	at org.hsqldb.jdbc.JDBCUtil.sqlException(Unknown Source)
	at org.hsqldb.jdbc.JDBCUtil.sqlException(Unknown Source)
	at org.hsqldb.jdbc.JDBCUtil.sqlException(Unknown Source)
	at org.hsqldb.jdbc.JDBCUtil.outOfRangeArgument(Unknown Source)
	at org.hsqldb.jdbc.JDBCPreparedStatement.setFetchSize(Unknown Source)
	at org.apache.commons.dbcp2.DelegatingStatement.setFetchSize(DelegatingStatement.java:316)
	at org.apache.commons.dbcp2.DelegatingStatement.setFetchSize(DelegatingStatement.java:316)
	at com.wongnai.tools.de.service.internal.DataExporterImpl$StreamingStatementCreator.createPreparedStatement(DataExporterImpl.java:440)
	at org.springframework.jdbc.core.JdbcTemplate.execute(JdbcTemplate.java:627)
	at org.springframework.jdbc.core.JdbcTemplate.query(JdbcTemplate.java:684)
	at org.springframework.jdbc.core.JdbcTemplate.query(JdbcTemplate.java:711)
	at org.springframework.jdbc.core.JdbcTemplate.query(JdbcTemplate.java:736)
	at com.wongnai.tools.de.service.internal.DataExporterImpl$Data.addByWhere(DataExporterImpl.java:274)
	at com.wongnai.tools.de.service.internal.DataExporterImpl$Data.lambda$process$15(DataExporterImpl.java:268)
	at com.wongnai.tools.de.service.internal.DataExporterImpl$Data$$Lambda$14/11583917.accept(Unknown Source)
	at java.util.ArrayList.forEach(ArrayList.java:1249)
	at com.wongnai.tools.de.service.internal.DataExporterImpl$Data.process(DataExporterImpl.java:265)
	at com.wongnai.tools.de.service.internal.DataExporterImpl$Context.lambda$process$11(DataExporterImpl.java:164)
	at com.wongnai.tools.de.service.internal.DataExporterImpl$Context$$Lambda$10/22005982.accept(Unknown Source)
	at java.util.ArrayList.forEach(ArrayList.java:1249)
	at com.wongnai.tools.de.service.internal.DataExporterImpl$Context.process(DataExporterImpl.java:159)
	at com.wongnai.tools.de.service.internal.DataExporterImpl.export(DataExporterImpl.java:78)
	at com.wongnai.tools.de.service.TableExporterTest.testBasic(TableExporterTest.java:61)
	at sun.reflect.NativeMethodAccessorImpl.invoke0(Native Method)
	at sun.reflect.NativeMethodAccessorImpl.invoke(NativeMethodAccessorImpl.java:62)
	at sun.reflect.DelegatingMethodAccessorImpl.invoke(DelegatingMethodAccessorImpl.java:43)
	at java.lang.reflect.Method.invoke(Method.java:497)
	at org.junit.runners.model.FrameworkMethod$1.runReflectiveCall(FrameworkMethod.java:47)
	at org.junit.internal.runners.model.ReflectiveCallable.run(ReflectiveCallable.java:12)
	at org.junit.runners.model.FrameworkMethod.invokeExplosively(FrameworkMethod.java:44)
	at org.junit.internal.runners.statements.InvokeMethod.evaluate(InvokeMethod.java:17)
	at org.junit.internal.runners.statements.RunBefores.evaluate(RunBefores.java:26)
	at org.junit.internal.runners.statements.RunAfters.evaluate(RunAfters.java:27)
	at org.junit.runners.ParentRunner.runLeaf(ParentRunner.java:271)
	at org.junit.runners.BlockJUnit4ClassRunner.runChild(BlockJUnit4ClassRunner.java:70)
	at org.junit.runners.BlockJUnit4ClassRunner.runChild(BlockJUnit4ClassRunner.java:50)
	at org.junit.runners.ParentRunner$3.run(ParentRunner.java:238)
	at org.junit.runners.ParentRunner$1.schedule(ParentRunner.java:63)
	at org.junit.runners.ParentRunner.runChildren(ParentRunner.java:236)
	at org.junit.runners.ParentRunner.access$000(ParentRunner.java:53)
	at org.junit.runners.ParentRunner$2.evaluate(ParentRunner.java:229)
	at org.junit.runners.ParentRunner.run(ParentRunner.java:309)
	at org.gradle.api.internal.tasks.testing.junit.JUnitTestClassExecuter.runTestClass(JUnitTestClassExecuter.java:112)
	at org.gradle.api.internal.tasks.testing.junit.JUnitTestClassExecuter.execute(JUnitTestClassExecuter.java:56)
	at org.gradle.api.internal.tasks.testing.junit.JUnitTestClassProcessor.processTestClass(JUnitTestClassProcessor.java:66)
	at org.gradle.api.internal.tasks.testing.SuiteTestClassProcessor.processTestClass(SuiteTestClassProcessor.java:51)
	at sun.reflect.NativeMethodAccessorImpl.invoke0(Native Method)
	at sun.reflect.NativeMethodAccessorImpl.invoke(NativeMethodAccessorImpl.java:62)
	at sun.reflect.DelegatingMethodAccessorImpl.invoke(DelegatingMethodAccessorImpl.java:43)
	at java.lang.reflect.Method.invoke(Method.java:497)
	at org.gradle.messaging.dispatch.ReflectionDispatch.dispatch(ReflectionDispatch.java:35)
	at org.gradle.messaging.dispatch.ReflectionDispatch.dispatch(ReflectionDispatch.java:24)
	at org.gradle.messaging.dispatch.ContextClassLoaderDispatch.dispatch(ContextClassLoaderDispatch.java:32)
	at org.gradle.messaging.dispatch.ProxyDispatchAdapter$DispatchingInvocationHandler.invoke(ProxyDispatchAdapter.java:93)
	at com.sun.proxy.$Proxy2.processTestClass(Unknown Source)
	at org.gradle.api.internal.tasks.testing.worker.TestWorker.processTestClass(TestWorker.java:109)
	at sun.reflect.NativeMethodAccessorImpl.invoke0(Native Method)
	at sun.reflect.NativeMethodAccessorImpl.invoke(NativeMethodAccessorImpl.java:62)
	at sun.reflect.DelegatingMethodAccessorImpl.invoke(DelegatingMethodAccessorImpl.java:43)
	at java.lang.reflect.Method.invoke(Method.java:497)
	at org.gradle.messaging.dispatch.ReflectionDispatch.dispatch(ReflectionDispatch.java:35)
	at org.gradle.messaging.dispatch.ReflectionDispatch.dispatch(ReflectionDispatch.java:24)
	at org.gradle.messaging.remote.internal.hub.MessageHub$Handler.run(MessageHub.java:364)
	at org.gradle.internal.concurrent.ExecutorPolicy$CatchAndRecordFailures.onExecute(ExecutorPolicy.java:54)
	at org.gradle.internal.concurrent.StoppableExecutorImpl$1.run(StoppableExecutorImpl.java:40)
	at java.util.concurrent.ThreadPoolExecutor.runWorker(ThreadPoolExecutor.java:1142)
	at java.util.concurrent.ThreadPoolExecutor$Worker.run(ThreadPoolExecutor.java:617)
	at java.lang.Thread.run(Thread.java:745)
Caused by: org.hsqldb.HsqlException: Invalid argument in JDBC call
	at org.hsqldb.error.Error.error(Unknown Source)
	at org.hsqldb.error.Error.error(Unknown Source)
	... 66 common frames omitted
14:54:26.828 [Test worker] DEBUG org.springframework.jdbc.datasource.DataSourceUtils - Returning JDBC Connection to DataSource
14:54:26.829 [Test worker] DEBUG com.wongnai.tools.de.service.internal.DataExporterImpl - Fetching from TABLE_2 using selector id = 5...
14:54:26.829 [Test worker] DEBUG org.springframework.jdbc.core.JdbcTemplate - Executing prepared SQL query
14:54:26.829 [Test worker] DEBUG org.springframework.jdbc.core.JdbcTemplate - Executing prepared SQL statement
14:54:26.829 [Test worker] DEBUG org.springframework.jdbc.datasource.DataSourceUtils - Fetching JDBC Connection from DataSource
14:54:26.829 [Test worker] WARN com.wongnai.tools.de.service.internal.DataExporterImpl - JDBC Driver does not support cursor.
java.sql.SQLException: Invalid argument in JDBC call
	at org.hsqldb.jdbc.JDBCUtil.sqlException(Unknown Source)
	at org.hsqldb.jdbc.JDBCUtil.sqlException(Unknown Source)
	at org.hsqldb.jdbc.JDBCUtil.sqlException(Unknown Source)
	at org.hsqldb.jdbc.JDBCUtil.outOfRangeArgument(Unknown Source)
	at org.hsqldb.jdbc.JDBCPreparedStatement.setFetchSize(Unknown Source)
	at org.apache.commons.dbcp2.DelegatingStatement.setFetchSize(DelegatingStatement.java:316)
	at org.apache.commons.dbcp2.DelegatingStatement.setFetchSize(DelegatingStatement.java:316)
	at com.wongnai.tools.de.service.internal.DataExporterImpl$StreamingStatementCreator.createPreparedStatement(DataExporterImpl.java:440)
	at org.springframework.jdbc.core.JdbcTemplate.execute(JdbcTemplate.java:627)
	at org.springframework.jdbc.core.JdbcTemplate.query(JdbcTemplate.java:684)
	at org.springframework.jdbc.core.JdbcTemplate.query(JdbcTemplate.java:711)
	at org.springframework.jdbc.core.JdbcTemplate.query(JdbcTemplate.java:736)
	at com.wongnai.tools.de.service.internal.DataExporterImpl$Data.addByWhere(DataExporterImpl.java:274)
	at com.wongnai.tools.de.service.internal.DataExporterImpl$Data.lambda$process$15(DataExporterImpl.java:268)
	at com.wongnai.tools.de.service.internal.DataExporterImpl$Data$$Lambda$14/11583917.accept(Unknown Source)
	at java.util.ArrayList.forEach(ArrayList.java:1249)
	at com.wongnai.tools.de.service.internal.DataExporterImpl$Data.process(DataExporterImpl.java:265)
	at com.wongnai.tools.de.service.internal.DataExporterImpl$Context.lambda$process$11(DataExporterImpl.java:164)
	at com.wongnai.tools.de.service.internal.DataExporterImpl$Context$$Lambda$10/22005982.accept(Unknown Source)
	at java.util.ArrayList.forEach(ArrayList.java:1249)
	at com.wongnai.tools.de.service.internal.DataExporterImpl$Context.process(DataExporterImpl.java:159)
	at com.wongnai.tools.de.service.internal.DataExporterImpl.export(DataExporterImpl.java:78)
	at com.wongnai.tools.de.service.TableExporterTest.testBasic(TableExporterTest.java:61)
	at sun.reflect.NativeMethodAccessorImpl.invoke0(Native Method)
	at sun.reflect.NativeMethodAccessorImpl.invoke(NativeMethodAccessorImpl.java:62)
	at sun.reflect.DelegatingMethodAccessorImpl.invoke(DelegatingMethodAccessorImpl.java:43)
	at java.lang.reflect.Method.invoke(Method.java:497)
	at org.junit.runners.model.FrameworkMethod$1.runReflectiveCall(FrameworkMethod.java:47)
	at org.junit.internal.runners.model.ReflectiveCallable.run(ReflectiveCallable.java:12)
	at org.junit.runners.model.FrameworkMethod.invokeExplosively(FrameworkMethod.java:44)
	at org.junit.internal.runners.statements.InvokeMethod.evaluate(InvokeMethod.java:17)
	at org.junit.internal.runners.statements.RunBefores.evaluate(RunBefores.java:26)
	at org.junit.internal.runners.statements.RunAfters.evaluate(RunAfters.java:27)
	at org.junit.runners.ParentRunner.runLeaf(ParentRunner.java:271)
	at org.junit.runners.BlockJUnit4ClassRunner.runChild(BlockJUnit4ClassRunner.java:70)
	at org.junit.runners.BlockJUnit4ClassRunner.runChild(BlockJUnit4ClassRunner.java:50)
	at org.junit.runners.ParentRunner$3.run(ParentRunner.java:238)
	at org.junit.runners.ParentRunner$1.schedule(ParentRunner.java:63)
	at org.junit.runners.ParentRunner.runChildren(ParentRunner.java:236)
	at org.junit.runners.ParentRunner.access$000(ParentRunner.java:53)
	at org.junit.runners.ParentRunner$2.evaluate(ParentRunner.java:229)
	at org.junit.runners.ParentRunner.run(ParentRunner.java:309)
	at org.gradle.api.internal.tasks.testing.junit.JUnitTestClassExecuter.runTestClass(JUnitTestClassExecuter.java:112)
	at org.gradle.api.internal.tasks.testing.junit.JUnitTestClassExecuter.execute(JUnitTestClassExecuter.java:56)
	at org.gradle.api.internal.tasks.testing.junit.JUnitTestClassProcessor.processTestClass(JUnitTestClassProcessor.java:66)
	at org.gradle.api.internal.tasks.testing.SuiteTestClassProcessor.processTestClass(SuiteTestClassProcessor.java:51)
	at sun.reflect.NativeMethodAccessorImpl.invoke0(Native Method)
	at sun.reflect.NativeMethodAccessorImpl.invoke(NativeMethodAccessorImpl.java:62)
	at sun.reflect.DelegatingMethodAccessorImpl.invoke(DelegatingMethodAccessorImpl.java:43)
	at java.lang.reflect.Method.invoke(Method.java:497)
	at org.gradle.messaging.dispatch.ReflectionDispatch.dispatch(ReflectionDispatch.java:35)
	at org.gradle.messaging.dispatch.ReflectionDispatch.dispatch(ReflectionDispatch.java:24)
	at org.gradle.messaging.dispatch.ContextClassLoaderDispatch.dispatch(ContextClassLoaderDispatch.java:32)
	at org.gradle.messaging.dispatch.ProxyDispatchAdapter$DispatchingInvocationHandler.invoke(ProxyDispatchAdapter.java:93)
	at com.sun.proxy.$Proxy2.processTestClass(Unknown Source)
	at org.gradle.api.internal.tasks.testing.worker.TestWorker.processTestClass(TestWorker.java:109)
	at sun.reflect.NativeMethodAccessorImpl.invoke0(Native Method)
	at sun.reflect.NativeMethodAccessorImpl.invoke(NativeMethodAccessorImpl.java:62)
	at sun.reflect.DelegatingMethodAccessorImpl.invoke(DelegatingMethodAccessorImpl.java:43)
	at java.lang.reflect.Method.invoke(Method.java:497)
	at org.gradle.messaging.dispatch.ReflectionDispatch.dispatch(ReflectionDispatch.java:35)
	at org.gradle.messaging.dispatch.ReflectionDispatch.dispatch(ReflectionDispatch.java:24)
	at org.gradle.messaging.remote.internal.hub.MessageHub$Handler.run(MessageHub.java:364)
	at org.gradle.internal.concurrent.ExecutorPolicy$CatchAndRecordFailures.onExecute(ExecutorPolicy.java:54)
	at org.gradle.internal.concurrent.StoppableExecutorImpl$1.run(StoppableExecutorImpl.java:40)
	at java.util.concurrent.ThreadPoolExecutor.runWorker(ThreadPoolExecutor.java:1142)
	at java.util.concurrent.ThreadPoolExecutor$Worker.run(ThreadPoolExecutor.java:617)
	at java.lang.Thread.run(Thread.java:745)
Caused by: org.hsqldb.HsqlException: Invalid argument in JDBC call
	at org.hsqldb.error.Error.error(Unknown Source)
	at org.hsqldb.error.Error.error(Unknown Source)
	... 66 common frames omitted
14:54:26.831 [Test worker] DEBUG org.springframework.jdbc.datasource.DataSourceUtils - Returning JDBC Connection to DataSource
14:54:26.832 [Test worker] DEBUG com.wongnai.tools.de.service.internal.DataExporterImpl - Fetching from TABLE_2 using selector id = 6...
14:54:26.832 [Test worker] DEBUG org.springframework.jdbc.core.JdbcTemplate - Executing prepared SQL query
14:54:26.832 [Test worker] DEBUG org.springframework.jdbc.core.JdbcTemplate - Executing prepared SQL statement
14:54:26.832 [Test worker] DEBUG org.springframework.jdbc.datasource.DataSourceUtils - Fetching JDBC Connection from DataSource
14:54:26.832 [Test worker] WARN com.wongnai.tools.de.service.internal.DataExporterImpl - JDBC Driver does not support cursor.
java.sql.SQLException: Invalid argument in JDBC call
	at org.hsqldb.jdbc.JDBCUtil.sqlException(Unknown Source)
	at org.hsqldb.jdbc.JDBCUtil.sqlException(Unknown Source)
	at org.hsqldb.jdbc.JDBCUtil.sqlException(Unknown Source)
	at org.hsqldb.jdbc.JDBCUtil.outOfRangeArgument(Unknown Source)
	at org.hsqldb.jdbc.JDBCPreparedStatement.setFetchSize(Unknown Source)
	at org.apache.commons.dbcp2.DelegatingStatement.setFetchSize(DelegatingStatement.java:316)
	at org.apache.commons.dbcp2.DelegatingStatement.setFetchSize(DelegatingStatement.java:316)
	at com.wongnai.tools.de.service.internal.DataExporterImpl$StreamingStatementCreator.createPreparedStatement(DataExporterImpl.java:440)
	at org.springframework.jdbc.core.JdbcTemplate.execute(JdbcTemplate.java:627)
	at org.springframework.jdbc.core.JdbcTemplate.query(JdbcTemplate.java:684)
	at org.springframework.jdbc.core.JdbcTemplate.query(JdbcTemplate.java:711)
	at org.springframework.jdbc.core.JdbcTemplate.query(JdbcTemplate.java:736)
	at com.wongnai.tools.de.service.internal.DataExporterImpl$Data.addByWhere(DataExporterImpl.java:274)
	at com.wongnai.tools.de.service.internal.DataExporterImpl$Data.lambda$process$15(DataExporterImpl.java:268)
	at com.wongnai.tools.de.service.internal.DataExporterImpl$Data$$Lambda$14/11583917.accept(Unknown Source)
	at java.util.ArrayList.forEach(ArrayList.java:1249)
	at com.wongnai.tools.de.service.internal.DataExporterImpl$Data.process(DataExporterImpl.java:265)
	at com.wongnai.tools.de.service.internal.DataExporterImpl$Context.lambda$process$11(DataExporterImpl.java:164)
	at com.wongnai.tools.de.service.internal.DataExporterImpl$Context$$Lambda$10/22005982.accept(Unknown Source)
	at java.util.ArrayList.forEach(ArrayList.java:1249)
	at com.wongnai.tools.de.service.internal.DataExporterImpl$Context.process(DataExporterImpl.java:159)
	at com.wongnai.tools.de.service.internal.DataExporterImpl.export(DataExporterImpl.java:78)
	at com.wongnai.tools.de.service.TableExporterTest.testBasic(TableExporterTest.java:61)
	at sun.reflect.NativeMethodAccessorImpl.invoke0(Native Method)
	at sun.reflect.NativeMethodAccessorImpl.invoke(NativeMethodAccessorImpl.java:62)
	at sun.reflect.DelegatingMethodAccessorImpl.invoke(DelegatingMethodAccessorImpl.java:43)
	at java.lang.reflect.Method.invoke(Method.java:497)
	at org.junit.runners.model.FrameworkMethod$1.runReflectiveCall(FrameworkMethod.java:47)
	at org.junit.internal.runners.model.ReflectiveCallable.run(ReflectiveCallable.java:12)
	at org.junit.runners.model.FrameworkMethod.invokeExplosively(FrameworkMethod.java:44)
	at org.junit.internal.runners.statements.InvokeMethod.evaluate(InvokeMethod.java:17)
	at org.junit.internal.runners.statements.RunBefores.evaluate(RunBefores.java:26)
	at org.junit.internal.runners.statements.RunAfters.evaluate(RunAfters.java:27)
	at org.junit.runners.ParentRunner.runLeaf(ParentRunner.java:271)
	at org.junit.runners.BlockJUnit4ClassRunner.runChild(BlockJUnit4ClassRunner.java:70)
	at org.junit.runners.BlockJUnit4ClassRunner.runChild(BlockJUnit4ClassRunner.java:50)
	at org.junit.runners.ParentRunner$3.run(ParentRunner.java:238)
	at org.junit.runners.ParentRunner$1.schedule(ParentRunner.java:63)
	at org.junit.runners.ParentRunner.runChildren(ParentRunner.java:236)
	at org.junit.runners.ParentRunner.access$000(ParentRunner.java:53)
	at org.junit.runners.ParentRunner$2.evaluate(ParentRunner.java:229)
	at org.junit.runners.ParentRunner.run(ParentRunner.java:309)
	at org.gradle.api.internal.tasks.testing.junit.JUnitTestClassExecuter.runTestClass(JUnitTestClassExecuter.java:112)
	at org.gradle.api.internal.tasks.testing.junit.JUnitTestClassExecuter.execute(JUnitTestClassExecuter.java:56)
	at org.gradle.api.internal.tasks.testing.junit.JUnitTestClassProcessor.processTestClass(JUnitTestClassProcessor.java:66)
	at org.gradle.api.internal.tasks.testing.SuiteTestClassProcessor.processTestClass(SuiteTestClassProcessor.java:51)
	at sun.reflect.NativeMethodAccessorImpl.invoke0(Native Method)
	at sun.reflect.NativeMethodAccessorImpl.invoke(NativeMethodAccessorImpl.java:62)
	at sun.reflect.DelegatingMethodAccessorImpl.invoke(DelegatingMethodAccessorImpl.java:43)
	at java.lang.reflect.Method.invoke(Method.java:497)
	at org.gradle.messaging.dispatch.ReflectionDispatch.dispatch(ReflectionDispatch.java:35)
	at org.gradle.messaging.dispatch.ReflectionDispatch.dispatch(ReflectionDispatch.java:24)
	at org.gradle.messaging.dispatch.ContextClassLoaderDispatch.dispatch(ContextClassLoaderDispatch.java:32)
	at org.gradle.messaging.dispatch.ProxyDispatchAdapter$DispatchingInvocationHandler.invoke(ProxyDispatchAdapter.java:93)
	at com.sun.proxy.$Proxy2.processTestClass(Unknown Source)
	at org.gradle.api.internal.tasks.testing.worker.TestWorker.processTestClass(TestWorker.java:109)
	at sun.reflect.NativeMethodAccessorImpl.invoke0(Native Method)
	at sun.reflect.NativeMethodAccessorImpl.invoke(NativeMethodAccessorImpl.java:62)
	at sun.reflect.DelegatingMethodAccessorImpl.invoke(DelegatingMethodAccessorImpl.java:43)
	at java.lang.reflect.Method.invoke(Method.java:497)
	at org.gradle.messaging.dispatch.ReflectionDispatch.dispatch(ReflectionDispatch.java:35)
	at org.gradle.messaging.dispatch.ReflectionDispatch.dispatch(ReflectionDispatch.java:24)
	at org.gradle.messaging.remote.internal.hub.MessageHub$Handler.run(MessageHub.java:364)
	at org.gradle.internal.concurrent.ExecutorPolicy$CatchAndRecordFailures.onExecute(ExecutorPolicy.java:54)
	at org.gradle.internal.concurrent.StoppableExecutorImpl$1.run(StoppableExecutorImpl.java:40)
	at java.util.concurrent.ThreadPoolExecutor.runWorker(ThreadPoolExecutor.java:1142)
	at java.util.concurrent.ThreadPoolExecutor$Worker.run(ThreadPoolExecutor.java:617)
	at java.lang.Thread.run(Thread.java:745)
Caused by: org.hsqldb.HsqlException: Invalid argument in JDBC call
	at org.hsqldb.error.Error.error(Unknown Source)
	at org.hsqldb.error.Error.error(Unknown Source)
	... 66 common frames omitted
14:54:26.834 [Test worker] DEBUG org.springframework.jdbc.datasource.DataSourceUtils - Returning JDBC Connection to DataSource
14:54:26.834 [Test worker] DEBUG com.wongnai.tools.de.service.internal.DataExporterImpl - Fetching from TABLE_2 using selector id = 5...
14:54:26.834 [Test worker] DEBUG org.springframework.jdbc.core.JdbcTemplate - Executing prepared SQL query
14:54:26.834 [Test worker] DEBUG org.springframework.jdbc.core.JdbcTemplate - Executing prepared SQL statement
14:54:26.834 [Test worker] DEBUG org.springframework.jdbc.datasource.DataSourceUtils - Fetching JDBC Connection from DataSource
14:54:26.834 [Test worker] WARN com.wongnai.tools.de.service.internal.DataExporterImpl - JDBC Driver does not support cursor.
java.sql.SQLException: Invalid argument in JDBC call
	at org.hsqldb.jdbc.JDBCUtil.sqlException(Unknown Source)
	at org.hsqldb.jdbc.JDBCUtil.sqlException(Unknown Source)
	at org.hsqldb.jdbc.JDBCUtil.sqlException(Unknown Source)
	at org.hsqldb.jdbc.JDBCUtil.outOfRangeArgument(Unknown Source)
	at org.hsqldb.jdbc.JDBCPreparedStatement.setFetchSize(Unknown Source)
	at org.apache.commons.dbcp2.DelegatingStatement.setFetchSize(DelegatingStatement.java:316)
	at org.apache.commons.dbcp2.DelegatingStatement.setFetchSize(DelegatingStatement.java:316)
	at com.wongnai.tools.de.service.internal.DataExporterImpl$StreamingStatementCreator.createPreparedStatement(DataExporterImpl.java:440)
	at org.springframework.jdbc.core.JdbcTemplate.execute(JdbcTemplate.java:627)
	at org.springframework.jdbc.core.JdbcTemplate.query(JdbcTemplate.java:684)
	at org.springframework.jdbc.core.JdbcTemplate.query(JdbcTemplate.java:711)
	at org.springframework.jdbc.core.JdbcTemplate.query(JdbcTemplate.java:736)
	at com.wongnai.tools.de.service.internal.DataExporterImpl$Data.addByWhere(DataExporterImpl.java:274)
	at com.wongnai.tools.de.service.internal.DataExporterImpl$Data.lambda$process$15(DataExporterImpl.java:268)
	at com.wongnai.tools.de.service.internal.DataExporterImpl$Data$$Lambda$14/11583917.accept(Unknown Source)
	at java.util.ArrayList.forEach(ArrayList.java:1249)
	at com.wongnai.tools.de.service.internal.DataExporterImpl$Data.process(DataExporterImpl.java:265)
	at com.wongnai.tools.de.service.internal.DataExporterImpl$Context.lambda$process$11(DataExporterImpl.java:164)
	at com.wongnai.tools.de.service.internal.DataExporterImpl$Context$$Lambda$10/22005982.accept(Unknown Source)
	at java.util.ArrayList.forEach(ArrayList.java:1249)
	at com.wongnai.tools.de.service.internal.DataExporterImpl$Context.process(DataExporterImpl.java:159)
	at com.wongnai.tools.de.service.internal.DataExporterImpl.export(DataExporterImpl.java:78)
	at com.wongnai.tools.de.service.TableExporterTest.testBasic(TableExporterTest.java:61)
	at sun.reflect.NativeMethodAccessorImpl.invoke0(Native Method)
	at sun.reflect.NativeMethodAccessorImpl.invoke(NativeMethodAccessorImpl.java:62)
	at sun.reflect.DelegatingMethodAccessorImpl.invoke(DelegatingMethodAccessorImpl.java:43)
	at java.lang.reflect.Method.invoke(Method.java:497)
	at org.junit.runners.model.FrameworkMethod$1.runReflectiveCall(FrameworkMethod.java:47)
	at org.junit.internal.runners.model.ReflectiveCallable.run(ReflectiveCallable.java:12)
	at org.junit.runners.model.FrameworkMethod.invokeExplosively(FrameworkMethod.java:44)
	at org.junit.internal.runners.statements.InvokeMethod.evaluate(InvokeMethod.java:17)
	at org.junit.internal.runners.statements.RunBefores.evaluate(RunBefores.java:26)
	at org.junit.internal.runners.statements.RunAfters.evaluate(RunAfters.java:27)
	at org.junit.runners.ParentRunner.runLeaf(ParentRunner.java:271)
	at org.junit.runners.BlockJUnit4ClassRunner.runChild(BlockJUnit4ClassRunner.java:70)
	at org.junit.runners.BlockJUnit4ClassRunner.runChild(BlockJUnit4ClassRunner.java:50)
	at org.junit.runners.ParentRunner$3.run(ParentRunner.java:238)
	at org.junit.runners.ParentRunner$1.schedule(ParentRunner.java:63)
	at org.junit.runners.ParentRunner.runChildren(ParentRunner.java:236)
	at org.junit.runners.ParentRunner.access$000(ParentRunner.java:53)
	at org.junit.runners.ParentRunner$2.evaluate(ParentRunner.java:229)
	at org.junit.runners.ParentRunner.run(ParentRunner.java:309)
	at org.gradle.api.internal.tasks.testing.junit.JUnitTestClassExecuter.runTestClass(JUnitTestClassExecuter.java:112)
	at org.gradle.api.internal.tasks.testing.junit.JUnitTestClassExecuter.execute(JUnitTestClassExecuter.java:56)
	at org.gradle.api.internal.tasks.testing.junit.JUnitTestClassProcessor.processTestClass(JUnitTestClassProcessor.java:66)
	at org.gradle.api.internal.tasks.testing.SuiteTestClassProcessor.processTestClass(SuiteTestClassProcessor.java:51)
	at sun.reflect.NativeMethodAccessorImpl.invoke0(Native Method)
	at sun.reflect.NativeMethodAccessorImpl.invoke(NativeMethodAccessorImpl.java:62)
	at sun.reflect.DelegatingMethodAccessorImpl.invoke(DelegatingMethodAccessorImpl.java:43)
	at java.lang.reflect.Method.invoke(Method.java:497)
	at org.gradle.messaging.dispatch.ReflectionDispatch.dispatch(ReflectionDispatch.java:35)
	at org.gradle.messaging.dispatch.ReflectionDispatch.dispatch(ReflectionDispatch.java:24)
	at org.gradle.messaging.dispatch.ContextClassLoaderDispatch.dispatch(ContextClassLoaderDispatch.java:32)
	at org.gradle.messaging.dispatch.ProxyDispatchAdapter$DispatchingInvocationHandler.invoke(ProxyDispatchAdapter.java:93)
	at com.sun.proxy.$Proxy2.processTestClass(Unknown Source)
	at org.gradle.api.internal.tasks.testing.worker.TestWorker.processTestClass(TestWorker.java:109)
	at sun.reflect.NativeMethodAccessorImpl.invoke0(Native Method)
	at sun.reflect.NativeMethodAccessorImpl.invoke(NativeMethodAccessorImpl.java:62)
	at sun.reflect.DelegatingMethodAccessorImpl.invoke(DelegatingMethodAccessorImpl.java:43)
	at java.lang.reflect.Method.invoke(Method.java:497)
	at org.gradle.messaging.dispatch.ReflectionDispatch.dispatch(ReflectionDispatch.java:35)
	at org.gradle.messaging.dispatch.ReflectionDispatch.dispatch(ReflectionDispatch.java:24)
	at org.gradle.messaging.remote.internal.hub.MessageHub$Handler.run(MessageHub.java:364)
	at org.gradle.internal.concurrent.ExecutorPolicy$CatchAndRecordFailures.onExecute(ExecutorPolicy.java:54)
	at org.gradle.internal.concurrent.StoppableExecutorImpl$1.run(StoppableExecutorImpl.java:40)
	at java.util.concurrent.ThreadPoolExecutor.runWorker(ThreadPoolExecutor.java:1142)
	at java.util.concurrent.ThreadPoolExecutor$Worker.run(ThreadPoolExecutor.java:617)
	at java.lang.Thread.run(Thread.java:745)
Caused by: org.hsqldb.HsqlException: Invalid argument in JDBC call
	at org.hsqldb.error.Error.error(Unknown Source)
	at org.hsqldb.error.Error.error(Unknown Source)
	... 66 common frames omitted
14:54:26.836 [Test worker] DEBUG org.springframework.jdbc.datasource.DataSourceUtils - Returning JDBC Connection to DataSource
14:54:26.837 [Test worker] DEBUG com.wongnai.tools.de.service.internal.DataExporterImpl - Fetching unloaded keys of TABLE_1...
14:54:26.843 [Test worker] DEBUG org.springframework.jdbc.core.JdbcTemplate - Executing prepared SQL query
14:54:26.845 [Test worker] DEBUG org.springframework.jdbc.core.JdbcTemplate - Executing prepared SQL statement
14:54:26.845 [Test worker] DEBUG org.springframework.jdbc.datasource.DataSourceUtils - Fetching JDBC Connection from DataSource
14:54:26.846 [Test worker] WARN com.wongnai.tools.de.service.internal.DataExporterImpl - JDBC Driver does not support cursor.
java.sql.SQLException: Invalid argument in JDBC call
	at org.hsqldb.jdbc.JDBCUtil.sqlException(Unknown Source)
	at org.hsqldb.jdbc.JDBCUtil.sqlException(Unknown Source)
	at org.hsqldb.jdbc.JDBCUtil.sqlException(Unknown Source)
	at org.hsqldb.jdbc.JDBCUtil.outOfRangeArgument(Unknown Source)
	at org.hsqldb.jdbc.JDBCPreparedStatement.setFetchSize(Unknown Source)
	at org.apache.commons.dbcp2.DelegatingStatement.setFetchSize(DelegatingStatement.java:316)
	at org.apache.commons.dbcp2.DelegatingStatement.setFetchSize(DelegatingStatement.java:316)
	at com.wongnai.tools.de.service.internal.DataExporterImpl$StreamingStatementCreator.createPreparedStatement(DataExporterImpl.java:440)
	at org.springframework.jdbc.core.JdbcTemplate.execute(JdbcTemplate.java:627)
	at org.springframework.jdbc.core.JdbcTemplate.query(JdbcTemplate.java:684)
	at org.springframework.jdbc.core.JdbcTemplate.query(JdbcTemplate.java:711)
	at org.springframework.jdbc.core.JdbcTemplate.query(JdbcTemplate.java:736)
	at com.wongnai.tools.de.service.internal.DataExporterImpl$Data.loadKeys(DataExporterImpl.java:358)
	at com.wongnai.tools.de.service.internal.DataExporterImpl$Data$$Lambda$25/33407737.accept(Unknown Source)
	at java.lang.Iterable.forEach(Iterable.java:75)
	at com.wongnai.tools.de.service.internal.DataExporterImpl$Data.processUnloadedKeys(DataExporterImpl.java:377)
	at com.wongnai.tools.de.service.internal.DataExporterImpl$Context.processRemaining(DataExporterImpl.java:207)
	at com.wongnai.tools.de.service.internal.DataExporterImpl$Context.process(DataExporterImpl.java:169)
	at com.wongnai.tools.de.service.internal.DataExporterImpl.export(DataExporterImpl.java:78)
	at com.wongnai.tools.de.service.TableExporterTest.testBasic(TableExporterTest.java:61)
	at sun.reflect.NativeMethodAccessorImpl.invoke0(Native Method)
	at sun.reflect.NativeMethodAccessorImpl.invoke(NativeMethodAccessorImpl.java:62)
	at sun.reflect.DelegatingMethodAccessorImpl.invoke(DelegatingMethodAccessorImpl.java:43)
	at java.lang.reflect.Method.invoke(Method.java:497)
	at org.junit.runners.model.FrameworkMethod$1.runReflectiveCall(FrameworkMethod.java:47)
	at org.junit.internal.runners.model.ReflectiveCallable.run(ReflectiveCallable.java:12)
	at org.junit.runners.model.FrameworkMethod.invokeExplosively(FrameworkMethod.java:44)
	at org.junit.internal.runners.statements.InvokeMethod.evaluate(InvokeMethod.java:17)
	at org.junit.internal.runners.statements.RunBefores.evaluate(RunBefores.java:26)
	at org.junit.internal.runners.statements.RunAfters.evaluate(RunAfters.java:27)
	at org.junit.runners.ParentRunner.runLeaf(ParentRunner.java:271)
	at org.junit.runners.BlockJUnit4ClassRunner.runChild(BlockJUnit4ClassRunner.java:70)
	at org.junit.runners.BlockJUnit4ClassRunner.runChild(BlockJUnit4ClassRunner.java:50)
	at org.junit.runners.ParentRunner$3.run(ParentRunner.java:238)
	at org.junit.runners.ParentRunner$1.schedule(ParentRunner.java:63)
	at org.junit.runners.ParentRunner.runChildren(ParentRunner.java:236)
	at org.junit.runners.ParentRunner.access$000(ParentRunner.java:53)
	at org.junit.runners.ParentRunner$2.evaluate(ParentRunner.java:229)
	at org.junit.runners.ParentRunner.run(ParentRunner.java:309)
	at org.gradle.api.internal.tasks.testing.junit.JUnitTestClassExecuter.runTestClass(JUnitTestClassExecuter.java:112)
	at org.gradle.api.internal.tasks.testing.junit.JUnitTestClassExecuter.execute(JUnitTestClassExecuter.java:56)
	at org.gradle.api.internal.tasks.testing.junit.JUnitTestClassProcessor.processTestClass(JUnitTestClassProcessor.java:66)
	at org.gradle.api.internal.tasks.testing.SuiteTestClassProcessor.processTestClass(SuiteTestClassProcessor.java:51)
	at sun.reflect.NativeMethodAccessorImpl.invoke0(Native Method)
	at sun.reflect.NativeMethodAccessorImpl.invoke(NativeMethodAccessorImpl.java:62)
	at sun.reflect.DelegatingMethodAccessorImpl.invoke(DelegatingMethodAccessorImpl.java:43)
	at java.lang.reflect.Method.invoke(Method.java:497)
	at org.gradle.messaging.dispatch.ReflectionDispatch.dispatch(ReflectionDispatch.java:35)
	at org.gradle.messaging.dispatch.ReflectionDispatch.dispatch(ReflectionDispatch.java:24)
	at org.gradle.messaging.dispatch.ContextClassLoaderDispatch.dispatch(ContextClassLoaderDispatch.java:32)
	at org.gradle.messaging.dispatch.ProxyDispatchAdapter$DispatchingInvocationHandler.invoke(ProxyDispatchAdapter.java:93)
	at com.sun.proxy.$Proxy2.processTestClass(Unknown Source)
	at org.gradle.api.internal.tasks.testing.worker.TestWorker.processTestClass(TestWorker.java:109)
	at sun.reflect.NativeMethodAccessorImpl.invoke0(Native Method)
	at sun.reflect.NativeMethodAccessorImpl.invoke(NativeMethodAccessorImpl.java:62)
	at sun.reflect.DelegatingMethodAccessorImpl.invoke(DelegatingMethodAccessorImpl.java:43)
	at java.lang.reflect.Method.invoke(Method.java:497)
	at org.gradle.messaging.dispatch.ReflectionDispatch.dispatch(ReflectionDispatch.java:35)
	at org.gradle.messaging.dispatch.ReflectionDispatch.dispatch(ReflectionDispatch.java:24)
	at org.gradle.messaging.remote.internal.hub.MessageHub$Handler.run(MessageHub.java:364)
	at org.gradle.internal.concurrent.ExecutorPolicy$CatchAndRecordFailures.onExecute(ExecutorPolicy.java:54)
	at org.gradle.internal.concurrent.StoppableExecutorImpl$1.run(StoppableExecutorImpl.java:40)
	at java.util.concurrent.ThreadPoolExecutor.runWorker(ThreadPoolExecutor.java:1142)
	at java.util.concurrent.ThreadPoolExecutor$Worker.run(ThreadPoolExecutor.java:617)
	at java.lang.Thread.run(Thread.java:745)
Caused by: org.hsqldb.HsqlException: Invalid argument in JDBC call
	at org.hsqldb.error.Error.error(Unknown Source)
	at org.hsqldb.error.Error.error(Unknown Source)
	... 63 common frames omitted
14:54:26.848 [Test worker] DEBUG org.springframework.jdbc.datasource.DataSourceUtils - Returning JDBC Connection to DataSource
14:54:26.849 [Test worker] DEBUG com.wongnai.tools.de.service.internal.DataExporterImpl - Fetching unloaded keys of TABLE_2...
14:54:26.849 [Test worker] DEBUG org.springframework.jdbc.core.JdbcTemplate - Executing prepared SQL query
14:54:26.849 [Test worker] DEBUG org.springframework.jdbc.core.JdbcTemplate - Executing prepared SQL statement
14:54:26.849 [Test worker] DEBUG org.springframework.jdbc.datasource.DataSourceUtils - Fetching JDBC Connection from DataSource
14:54:26.849 [Test worker] WARN com.wongnai.tools.de.service.internal.DataExporterImpl - JDBC Driver does not support cursor.
java.sql.SQLException: Invalid argument in JDBC call
	at org.hsqldb.jdbc.JDBCUtil.sqlException(Unknown Source)
	at org.hsqldb.jdbc.JDBCUtil.sqlException(Unknown Source)
	at org.hsqldb.jdbc.JDBCUtil.sqlException(Unknown Source)
	at org.hsqldb.jdbc.JDBCUtil.outOfRangeArgument(Unknown Source)
	at org.hsqldb.jdbc.JDBCPreparedStatement.setFetchSize(Unknown Source)
	at org.apache.commons.dbcp2.DelegatingStatement.setFetchSize(DelegatingStatement.java:316)
	at org.apache.commons.dbcp2.DelegatingStatement.setFetchSize(DelegatingStatement.java:316)
	at com.wongnai.tools.de.service.internal.DataExporterImpl$StreamingStatementCreator.createPreparedStatement(DataExporterImpl.java:440)
	at org.springframework.jdbc.core.JdbcTemplate.execute(JdbcTemplate.java:627)
	at org.springframework.jdbc.core.JdbcTemplate.query(JdbcTemplate.java:684)
	at org.springframework.jdbc.core.JdbcTemplate.query(JdbcTemplate.java:711)
	at org.springframework.jdbc.core.JdbcTemplate.query(JdbcTemplate.java:736)
	at com.wongnai.tools.de.service.internal.DataExporterImpl$Data.loadKeys(DataExporterImpl.java:358)
	at com.wongnai.tools.de.service.internal.DataExporterImpl$Data$$Lambda$25/33407737.accept(Unknown Source)
	at java.lang.Iterable.forEach(Iterable.java:75)
	at com.wongnai.tools.de.service.internal.DataExporterImpl$Data.processUnloadedKeys(DataExporterImpl.java:377)
	at com.wongnai.tools.de.service.internal.DataExporterImpl$Context.processRemaining(DataExporterImpl.java:207)
	at com.wongnai.tools.de.service.internal.DataExporterImpl$Context.process(DataExporterImpl.java:169)
	at com.wongnai.tools.de.service.internal.DataExporterImpl.export(DataExporterImpl.java:78)
	at com.wongnai.tools.de.service.TableExporterTest.testBasic(TableExporterTest.java:61)
	at sun.reflect.NativeMethodAccessorImpl.invoke0(Native Method)
	at sun.reflect.NativeMethodAccessorImpl.invoke(NativeMethodAccessorImpl.java:62)
	at sun.reflect.DelegatingMethodAccessorImpl.invoke(DelegatingMethodAccessorImpl.java:43)
	at java.lang.reflect.Method.invoke(Method.java:497)
	at org.junit.runners.model.FrameworkMethod$1.runReflectiveCall(FrameworkMethod.java:47)
	at org.junit.internal.runners.model.ReflectiveCallable.run(ReflectiveCallable.java:12)
	at org.junit.runners.model.FrameworkMethod.invokeExplosively(FrameworkMethod.java:44)
	at org.junit.internal.runners.statements.InvokeMethod.evaluate(InvokeMethod.java:17)
	at org.junit.internal.runners.statements.RunBefores.evaluate(RunBefores.java:26)
	at org.junit.internal.runners.statements.RunAfters.evaluate(RunAfters.java:27)
	at org.junit.runners.ParentRunner.runLeaf(ParentRunner.java:271)
	at org.junit.runners.BlockJUnit4ClassRunner.runChild(BlockJUnit4ClassRunner.java:70)
	at org.junit.runners.BlockJUnit4ClassRunner.runChild(BlockJUnit4ClassRunner.java:50)
	at org.junit.runners.ParentRunner$3.run(ParentRunner.java:238)
	at org.junit.runners.ParentRunner$1.schedule(ParentRunner.java:63)
	at org.junit.runners.ParentRunner.runChildren(ParentRunner.java:236)
	at org.junit.runners.ParentRunner.access$000(ParentRunner.java:53)
	at org.junit.runners.ParentRunner$2.evaluate(ParentRunner.java:229)
	at org.junit.runners.ParentRunner.run(ParentRunner.java:309)
	at org.gradle.api.internal.tasks.testing.junit.JUnitTestClassExecuter.runTestClass(JUnitTestClassExecuter.java:112)
	at org.gradle.api.internal.tasks.testing.junit.JUnitTestClassExecuter.execute(JUnitTestClassExecuter.java:56)
	at org.gradle.api.internal.tasks.testing.junit.JUnitTestClassProcessor.processTestClass(JUnitTestClassProcessor.java:66)
	at org.gradle.api.internal.tasks.testing.SuiteTestClassProcessor.processTestClass(SuiteTestClassProcessor.java:51)
	at sun.reflect.NativeMethodAccessorImpl.invoke0(Native Method)
	at sun.reflect.NativeMethodAccessorImpl.invoke(NativeMethodAccessorImpl.java:62)
	at sun.reflect.DelegatingMethodAccessorImpl.invoke(DelegatingMethodAccessorImpl.java:43)
	at java.lang.reflect.Method.invoke(Method.java:497)
	at org.gradle.messaging.dispatch.ReflectionDispatch.dispatch(ReflectionDispatch.java:35)
	at org.gradle.messaging.dispatch.ReflectionDispatch.dispatch(ReflectionDispatch.java:24)
	at org.gradle.messaging.dispatch.ContextClassLoaderDispatch.dispatch(ContextClassLoaderDispatch.java:32)
	at org.gradle.messaging.dispatch.ProxyDispatchAdapter$DispatchingInvocationHandler.invoke(ProxyDispatchAdapter.java:93)
	at com.sun.proxy.$Proxy2.processTestClass(Unknown Source)
	at org.gradle.api.internal.tasks.testing.worker.TestWorker.processTestClass(TestWorker.java:109)
	at sun.reflect.NativeMethodAccessorImpl.invoke0(Native Method)
	at sun.reflect.NativeMethodAccessorImpl.invoke(NativeMethodAccessorImpl.java:62)
	at sun.reflect.DelegatingMethodAccessorImpl.invoke(DelegatingMethodAccessorImpl.java:43)
	at java.lang.reflect.Method.invoke(Method.java:497)
	at org.gradle.messaging.dispatch.ReflectionDispatch.dispatch(ReflectionDispatch.java:35)
	at org.gradle.messaging.dispatch.ReflectionDispatch.dispatch(ReflectionDispatch.java:24)
	at org.gradle.messaging.remote.internal.hub.MessageHub$Handler.run(MessageHub.java:364)
	at org.gradle.internal.concurrent.ExecutorPolicy$CatchAndRecordFailures.onExecute(ExecutorPolicy.java:54)
	at org.gradle.internal.concurrent.StoppableExecutorImpl$1.run(StoppableExecutorImpl.java:40)
	at java.util.concurrent.ThreadPoolExecutor.runWorker(ThreadPoolExecutor.java:1142)
	at java.util.concurrent.ThreadPoolExecutor$Worker.run(ThreadPoolExecutor.java:617)
	at java.lang.Thread.run(Thread.java:745)
Caused by: org.hsqldb.HsqlException: Invalid argument in JDBC call
	at org.hsqldb.error.Error.error(Unknown Source)
	at org.hsqldb.error.Error.error(Unknown Source)
	... 63 common frames omitted
14:54:26.851 [Test worker] DEBUG org.springframework.jdbc.datasource.DataSourceUtils - Returning JDBC Connection to DataSource
14:54:26.851 [Test worker] INFO com.wongnai.tools.de.service.internal.DataExporterImpl - Finished in 109 ms.
14:54:26.851 [Test worker] INFO com.wongnai.tools.de.service.internal.DataExporterImpl -  TABLE_3 20 rows.
14:54:26.851 [Test worker] INFO com.wongnai.tools.de.service.internal.DataExporterImpl -  TABLE_1 10 rows.
14:54:26.851 [Test worker] INFO com.wongnai.tools.de.service.internal.DataExporterImpl -  TABLE_2 6 rows.
]]></system-out>
  <system-err><![CDATA[]]></system-err>
</testsuite>
