<?xml version="1.0" encoding="UTF-8"?>
<testsuite name="com.wongnai.tools.de.service.internal.KeyTest" tests="5" skipped="0" failures="0" errors="0" timestamp="2016-08-30T07:25:46" hostname="skrityak-tp" time="0.002">
  <properties/>
  <testcase name="testRow" classname="com.wongnai.tools.de.service.internal.KeyTest" time="0.0"/>
  <testcase name="testComposite" classname="com.wongnai.tools.de.service.internal.KeyTest" time="0.001"/>
  <testcase name="testRowNotEqual" classname="com.wongnai.tools.de.service.internal.KeyTest" time="0.0"/>
  <testcase name="testSingleValueNotEqual" classname="com.wongnai.tools.de.service.internal.KeyTest" time="0.0"/>
  <testcase name="testSingleValue" classname="com.wongnai.tools.de.service.internal.KeyTest" time="0.0"/>
  <system-out><![CDATA[]]></system-out>
  <system-err><![CDATA[]]></system-err>
</testsuite>
